{"C:\\Users\\User\\OneDrive\\Desktop\\IskotifyApp\\packages\\utils\\src\\constants.ts": {"path":"C:\\Users\\User\\OneDrive\\Desktop\\IskotifyApp\\packages\\utils\\src\\constants.ts","all":true,"statementMap":{"0":{"start":{"line":1,"column":0},"end":{"line":1,"column":35}},"2":{"start":{"line":3,"column":0},"end":{"line":3,"column":57}},"4":{"start":{"line":5,"column":0},"end":{"line":5,"column":52}}},"s":{"0":0,"2":0,"4":0},"branchMap":{"0":{"type":"branch","line":1,"loc":{"start":{"line":1,"column":148},"end":{"line":5,"column":52}},"locations":[{"start":{"line":1,"column":148},"end":{"line":5,"column":52}}]}},"b":{"0":[0]},"fnMap":{"0":{"name":"(empty-report)","decl":{"start":{"line":1,"column":148},"end":{"line":5,"column":52}},"loc":{"start":{"line":1,"column":148},"end":{"line":5,"column":52}},"line":1}},"f":{"0":0}}
,"C:\\Users\\User\\OneDrive\\Desktop\\IskotifyApp\\packages\\utils\\src\\format.ts": {"path":"C:\\Users\\User\\OneDrive\\Desktop\\IskotifyApp\\packages\\utils\\src\\format.ts","all":true,"statementMap":{"0":{"start":{"line":1,"column":0},"end":{"line":1,"column":62}},"1":{"start":{"line":2,"column":0},"end":{"line":2,"column":72}},"2":{"start":{"line":3,"column":0},"end":{"line":3,"column":55}},"3":{"start":{"line":4,"column":0},"end":{"line":4,"column":48}},"4":{"start":{"line":5,"column":0},"end":{"line":5,"column":36}},"5":{"start":{"line":6,"column":0},"end":{"line":6,"column":61}},"6":{"start":{"line":7,"column":0},"end":{"line":7,"column":1}},"8":{"start":{"line":9,"column":0},"end":{"line":9,"column":61}},"9":{"start":{"line":10,"column":0},"end":{"line":10,"column":78}},"10":{"start":{"line":11,"column":0},"end":{"line":11,"column":1}}},"s":{"0":0,"1":0,"2":0,"3":0,"4":0,"5":0,"6":0,"8":0,"9":0,"10":0},"branchMap":{"0":{"type":"branch","line":1,"loc":{"start":{"line":1,"column":7},"end":{"line":11,"column":-70}},"locations":[{"start":{"line":1,"column":7},"end":{"line":11,"column":-70}}]}},"b":{"0":[0]},"fnMap":{"0":{"name":"(empty-report)","decl":{"start":{"line":1,"column":7},"end":{"line":11,"column":-70}},"loc":{"start":{"line":1,"column":7},"end":{"line":11,"column":-70}},"line":1}},"f":{"0":0}}
,"C:\\Users\\User\\OneDrive\\Desktop\\IskotifyApp\\packages\\utils\\src\\index.ts": {"path":"C:\\Users\\User\\OneDrive\\Desktop\\IskotifyApp\\packages\\utils\\src\\index.ts","all":true,"statementMap":{"0":{"start":{"line":1,"column":0},"end":{"line":1,"column":28}},"1":{"start":{"line":2,"column":0},"end":{"line":2,"column":25}},"2":{"start":{"line":3,"column":0},"end":{"line":3,"column":24}},"3":{"start":{"line":4,"column":0},"end":{"line":4,"column":25}},"4":{"start":{"line":5,"column":0},"end":{"line":5,"column":27}}},"s":{"0":0,"1":0,"2":0,"3":0,"4":0},"branchMap":{"0":{"type":"branch","line":1,"loc":{"start":{"line":1,"column":133},"end":{"line":5,"column":27}},"locations":[{"start":{"line":1,"column":133},"end":{"line":5,"column":27}}]}},"b":{"0":[0]},"fnMap":{"0":{"name":"(empty-report)","decl":{"start":{"line":1,"column":133},"end":{"line":5,"column":27}},"loc":{"start":{"line":1,"column":133},"end":{"line":5,"column":27}},"line":1}},"f":{"0":0}}
,"C:\\Users\\User\\OneDrive\\Desktop\\IskotifyApp\\packages\\utils\\src\\sheets.ts": {"path":"C:\\Users\\User\\OneDrive\\Desktop\\IskotifyApp\\packages\\utils\\src\\sheets.ts","all":false,"statementMap":{"0":{"start":{"line":1,"column":0},"end":{"line":1,"column":23}},"3":{"start":{"line":4,"column":0},"end":{"line":4,"column":33}},"4":{"start":{"line":5,"column":0},"end":{"line":5,"column":40}},"5":{"start":{"line":6,"column":0},"end":{"line":6,"column":27}},"6":{"start":{"line":7,"column":0},"end":{"line":7,"column":100}},"7":{"start":{"line":8,"column":0},"end":{"line":8,"column":35}},"8":{"start":{"line":9,"column":0},"end":{"line":9,"column":38}},"9":{"start":{"line":10,"column":0},"end":{"line":10,"column":39}},"10":{"start":{"line":11,"column":0},"end":{"line":11,"column":35}},"11":{"start":{"line":12,"column":0},"end":{"line":12,"column":35}},"12":{"start":{"line":13,"column":0},"end":{"line":13,"column":36}},"13":{"start":{"line":14,"column":0},"end":{"line":14,"column":39}},"14":{"start":{"line":15,"column":0},"end":{"line":15,"column":33}},"15":{"start":{"line":16,"column":0},"end":{"line":16,"column":41}},"16":{"start":{"line":17,"column":0},"end":{"line":17,"column":45}},"17":{"start":{"line":18,"column":0},"end":{"line":18,"column":31}},"18":{"start":{"line":19,"column":0},"end":{"line":19,"column":85}},"19":{"start":{"line":20,"column":0},"end":{"line":20,"column":33}},"20":{"start":{"line":21,"column":0},"end":{"line":21,"column":39}},"21":{"start":{"line":22,"column":0},"end":{"line":22,"column":39}},"22":{"start":{"line":23,"column":0},"end":{"line":23,"column":36}},"23":{"start":{"line":24,"column":0},"end":{"line":24,"column":2}},"25":{"start":{"line":26,"column":0},"end":{"line":26,"column":45}},"26":{"start":{"line":27,"column":0},"end":{"line":27,"column":30}},"27":{"start":{"line":28,"column":0},"end":{"line":28,"column":60}},"28":{"start":{"line":29,"column":0},"end":{"line":29,"column":1}},"30":{"start":{"line":31,"column":0},"end":{"line":31,"column":76}},"31":{"start":{"line":32,"column":0},"end":{"line":32,"column":32}},"32":{"start":{"line":33,"column":0},"end":{"line":33,"column":58}},"33":{"start":{"line":34,"column":0},"end":{"line":34,"column":49}},"34":{"start":{"line":35,"column":0},"end":{"line":35,"column":31}},"35":{"start":{"line":36,"column":0},"end":{"line":36,"column":35}},"36":{"start":{"line":37,"column":0},"end":{"line":37,"column":31}},"37":{"start":{"line":38,"column":0},"end":{"line":38,"column":3}},"38":{"start":{"line":39,"column":0},"end":{"line":39,"column":15}},"39":{"start":{"line":40,"column":0},"end":{"line":40,"column":1}},"41":{"start":{"line":42,"column":0},"end":{"line":42,"column":50}},"42":{"start":{"line":43,"column":0},"end":{"line":43,"column":29}},"43":{"start":{"line":44,"column":0},"end":{"line":44,"column":1}},"45":{"start":{"line":46,"column":0},"end":{"line":46,"column":52}},"46":{"start":{"line":47,"column":0},"end":{"line":47,"column":32}},"47":{"start":{"line":48,"column":0},"end":{"line":48,"column":29}},"48":{"start":{"line":49,"column":0},"end":{"line":49,"column":28}},"49":{"start":{"line":50,"column":0},"end":{"line":50,"column":1}},"51":{"start":{"line":52,"column":0},"end":{"line":52,"column":86}},"52":{"start":{"line":53,"column":0},"end":{"line":53,"column":46}},"53":{"start":{"line":54,"column":0},"end":{"line":54,"column":34}},"54":{"start":{"line":55,"column":0},"end":{"line":55,"column":23}},"55":{"start":{"line":56,"column":0},"end":{"line":56,"column":10}},"56":{"start":{"line":57,"column":0},"end":{"line":57,"column":17}},"57":{"start":{"line":58,"column":0},"end":{"line":58,"column":19}},"58":{"start":{"line":59,"column":0},"end":{"line":59,"column":17}},"59":{"start":{"line":60,"column":0},"end":{"line":60,"column":25}},"60":{"start":{"line":61,"column":0},"end":{"line":61,"column":31}},"61":{"start":{"line":62,"column":0},"end":{"line":62,"column":44}},"62":{"start":{"line":63,"column":0},"end":{"line":63,"column":25}},"63":{"start":{"line":64,"column":0},"end":{"line":64,"column":36}},"64":{"start":{"line":65,"column":0},"end":{"line":65,"column":38}},"65":{"start":{"line":66,"column":0},"end":{"line":66,"column":44}},"66":{"start":{"line":67,"column":0},"end":{"line":67,"column":34}},"67":{"start":{"line":68,"column":0},"end":{"line":68,"column":48}},"68":{"start":{"line":69,"column":0},"end":{"line":69,"column":56}},"69":{"start":{"line":70,"column":0},"end":{"line":70,"column":28}},"70":{"start":{"line":71,"column":0},"end":{"line":71,"column":21}},"71":{"start":{"line":72,"column":0},"end":{"line":72,"column":21}},"72":{"start":{"line":73,"column":0},"end":{"line":73,"column":46}},"73":{"start":{"line":74,"column":0},"end":{"line":74,"column":33}},"74":{"start":{"line":75,"column":0},"end":{"line":75,"column":27}},"75":{"start":{"line":76,"column":0},"end":{"line":76,"column":41}},"76":{"start":{"line":77,"column":0},"end":{"line":77,"column":3}},"77":{"start":{"line":78,"column":0},"end":{"line":78,"column":1}}},"s":{"0":1,"3":1,"4":1,"5":1,"6":1,"7":1,"8":1,"9":1,"10":1,"11":1,"12":1,"13":1,"14":1,"15":1,"16":1,"17":1,"18":1,"19":1,"20":1,"21":1,"22":1,"23":1,"25":65,"26":65,"27":62,"28":62,"30":13,"31":13,"32":13,"33":13,"34":24,"35":24,"36":24,"37":24,"38":13,"39":13,"41":39,"42":39,"43":39,"45":13,"46":13,"47":12,"48":13,"49":13,"51":1,"52":18,"53":18,"54":13,"55":13,"56":13,"57":13,"58":13,"59":13,"60":13,"61":13,"62":13,"63":13,"64":13,"65":13,"66":13,"67":13,"68":13,"69":13,"70":13,"71":13,"72":13,"73":13,"74":13,"75":13,"76":13,"77":13},"branchMap":{"0":{"type":"branch","line":26,"loc":{"start":{"line":26,"column":0},"end":{"line":29,"column":1}},"locations":[{"start":{"line":26,"column":0},"end":{"line":29,"column":1}}]},"1":{"type":"branch","line":27,"loc":{"start":{"line":27,"column":21},"end":{"line":27,"column":30}},"locations":[{"start":{"line":27,"column":21},"end":{"line":27,"column":30}}]},"2":{"type":"branch","line":27,"loc":{"start":{"line":27,"column":29},"end":{"line":29,"column":1}},"locations":[{"start":{"line":27,"column":29},"end":{"line":29,"column":1}}]},"3":{"type":"branch","line":28,"loc":{"start":{"line":28,"column":30},"end":{"line":28,"column":43}},"locations":[{"start":{"line":28,"column":30},"end":{"line":28,"column":43}}]},"4":{"type":"branch","line":31,"loc":{"start":{"line":31,"column":0},"end":{"line":40,"column":1}},"locations":[{"start":{"line":31,"column":0},"end":{"line":40,"column":1}}]},"5":{"type":"branch","line":34,"loc":{"start":{"line":34,"column":48},"end":{"line":38,"column":3}},"locations":[{"start":{"line":34,"column":48},"end":{"line":38,"column":3}}]},"6":{"type":"branch","line":35,"loc":{"start":{"line":35,"column":24},"end":{"line":35,"column":31}},"locations":[{"start":{"line":35,"column":24},"end":{"line":35,"column":31}}]},"7":{"type":"branch","line":36,"loc":{"start":{"line":36,"column":28},"end":{"line":36,"column":35}},"locations":[{"start":{"line":36,"column":28},"end":{"line":36,"column":35}}]},"8":{"type":"branch","line":42,"loc":{"start":{"line":42,"column":0},"end":{"line":44,"column":1}},"locations":[{"start":{"line":42,"column":0},"end":{"line":44,"column":1}}]},"9":{"type":"branch","line":43,"loc":{"start":{"line":43,"column":20},"end":{"line":43,"column":29}},"locations":[{"start":{"line":43,"column":20},"end":{"line":43,"column":29}}]},"10":{"type":"branch","line":46,"loc":{"start":{"line":46,"column":0},"end":{"line":50,"column":1}},"locations":[{"start":{"line":46,"column":0},"end":{"line":50,"column":1}}]},"11":{"type":"branch","line":47,"loc":{"start":{"line":47,"column":21},"end":{"line":47,"column":32}},"locations":[{"start":{"line":47,"column":21},"end":{"line":47,"column":32}}]},"12":{"type":"branch","line":47,"loc":{"start":{"line":47,"column":28},"end":{"line":49,"column":20}},"locations":[{"start":{"line":47,"column":28},"end":{"line":49,"column":20}}]},"13":{"type":"branch","line":49,"loc":{"start":{"line":49,"column":16},"end":{"line":49,"column":27}},"locations":[{"start":{"line":49,"column":16},"end":{"line":49,"column":27}}]},"14":{"type":"branch","line":49,"loc":{"start":{"line":49,"column":20},"end":{"line":49,"column":28}},"locations":[{"start":{"line":49,"column":20},"end":{"line":49,"column":28}}]},"15":{"type":"branch","line":52,"loc":{"start":{"line":52,"column":7},"end":{"line":78,"column":1}},"locations":[{"start":{"line":52,"column":7},"end":{"line":78,"column":1}}]},"16":{"type":"branch","line":54,"loc":{"start":{"line":54,"column":23},"end":{"line":54,"column":34}},"locations":[{"start":{"line":54,"column":23},"end":{"line":54,"column":34}}]},"17":{"type":"branch","line":54,"loc":{"start":{"line":54,"column":30},"end":{"line":78,"column":1}},"locations":[{"start":{"line":54,"column":30},"end":{"line":78,"column":1}}]}},"b":{"0":[65],"1":[3],"2":[62],"3":[160],"4":[13],"5":[24],"6":[0],"7":[0],"8":[39],"9":[2],"10":[13],"11":[1],"12":[12],"13":[1],"14":[11],"15":[18],"16":[5],"17":[13]},"fnMap":{"0":{"name":"splitPipe","decl":{"start":{"line":26,"column":0},"end":{"line":29,"column":1}},"loc":{"start":{"line":26,"column":0},"end":{"line":29,"column":1}},"line":26},"1":{"name":"parseEvents","decl":{"start":{"line":31,"column":0},"end":{"line":40,"column":1}},"loc":{"start":{"line":31,"column":0},"end":{"line":40,"column":1}},"line":31},"2":{"name":"parseDate","decl":{"start":{"line":42,"column":0},"end":{"line":44,"column":1}},"loc":{"start":{"line":42,"column":0},"end":{"line":44,"column":1}},"line":42},"3":{"name":"parseNumber","decl":{"start":{"line":46,"column":0},"end":{"line":50,"column":1}},"loc":{"start":{"line":46,"column":0},"end":{"line":50,"column":1}},"line":46},"4":{"name":"transformSheetRow","decl":{"start":{"line":52,"column":7},"end":{"line":78,"column":1}},"loc":{"start":{"line":52,"column":7},"end":{"line":78,"column":1}},"line":52}},"f":{"0":65,"1":13,"2":39,"3":13,"4":18}}
,"C:\\Users\\User\\OneDrive\\Desktop\\IskotifyApp\\packages\\utils\\src\\supabase.ts": {"path":"C:\\Users\\User\\OneDrive\\Desktop\\IskotifyApp\\packages\\utils\\src\\supabase.ts","all":true,"statementMap":{"0":{"start":{"line":1,"column":0},"end":{"line":1,"column":52}},"2":{"start":{"line":3,"column":0},"end":{"line":3,"column":39}},"3":{"start":{"line":4,"column":0},"end":{"line":4,"column":22}},"4":{"start":{"line":5,"column":0},"end":{"line":5,"column":42}},"5":{"start":{"line":6,"column":0},"end":{"line":6,"column":46}},"6":{"start":{"line":7,"column":0},"end":{"line":7,"column":3}},"7":{"start":{"line":8,"column":0},"end":{"line":8,"column":1}},"9":{"start":{"line":10,"column":0},"end":{"line":10,"column":38}},"10":{"start":{"line":11,"column":0},"end":{"line":11,"column":22}},"11":{"start":{"line":12,"column":0},"end":{"line":12,"column":42}},"12":{"start":{"line":13,"column":0},"end":{"line":13,"column":43}},"13":{"start":{"line":14,"column":0},"end":{"line":14,"column":39}},"14":{"start":{"line":15,"column":0},"end":{"line":15,"column":3}},"15":{"start":{"line":16,"column":0},"end":{"line":16,"column":1}}},"s":{"0":0,"2":0,"3":0,"4":0,"5":0,"6":0,"7":0,"9":0,"10":0,"11":0,"12":0,"13":0,"14":0,"15":0},"branchMap":{"0":{"type":"branch","line":1,"loc":{"start":{"line":1,"column":408},"end":{"line":16,"column":1}},"locations":[{"start":{"line":1,"column":408},"end":{"line":16,"column":1}}]}},"b":{"0":[0]},"fnMap":{"0":{"name":"(empty-report)","decl":{"start":{"line":1,"column":408},"end":{"line":16,"column":1}},"loc":{"start":{"line":1,"column":408},"end":{"line":16,"column":1}},"line":1}},"f":{"0":0}}
,"C:\\Users\\User\\OneDrive\\Desktop\\IskotifyApp\\packages\\utils\\src\\types.ts": {"path":"C:\\Users\\User\\OneDrive\\Desktop\\IskotifyApp\\packages\\utils\\src\\types.ts","all":true,"statementMap":{},"s":{},"branchMap":{"0":{"type":"branch","line":1,"loc":{"start":{"line":1,"column":750},"end":{"line":34,"column":62}},"locations":[{"start":{"line":1,"column":750},"end":{"line":34,"column":62}}]}},"b":{"0":[1]},"fnMap":{"0":{"name":"(empty-report)","decl":{"start":{"line":1,"column":750},"end":{"line":34,"column":62}},"loc":{"start":{"line":1,"column":750},"end":{"line":34,"column":62}},"line":1}},"f":{"0":1}}
}
